21:59:57.924 [main] DEBUG org.apache.poi.openxml4j.opc.PackageRelationshipCollection - Parsing relationship: /xl/worksheets/_rels/sheet1.xml.rels
21:59:57.929 [main] DEBUG org.apache.poi.openxml4j.opc.PackageRelationshipCollection - Parsing relationship: /_rels/.rels
21:59:57.943 [main] DEBUG org.apache.poi.ooxml.POIXMLFactory - using default POIXMLDocumentPart for http://schemas.openxmlformats.org/officeDocument/2006/relationships/printerSettings
21:59:57.960 [main] DEBUG org.apache.poi.openxml4j.opc.PackageRelationshipCollection - Parsing relationship: /xl/_rels/workbook.xml.rels
21:59:57.962 [main] DEBUG org.apache.poi.openxml4j.opc.PackageRelationshipCollection - Parsing relationship: /xl/worksheets/_rels/sheet1.xml.rels
21:59:58.003 [main] DEBUG org.apache.poi.openxml4j.opc.PackageRelationshipCollection - Parsing relationship: /_rels/.rels
21:59:58.072 [main] DEBUG org.apache.poi.ooxml.POIXMLFactory - using default POIXMLDocumentPart for http://schemas.openxmlformats.org/officeDocument/2006/relationships/printerSettings
21:59:58.132 [main] DEBUG org.apache.poi.openxml4j.opc.PackageRelationshipCollection - Parsing relationship: /xl/_rels/workbook.xml.rels
21:59:58.150 [main] DEBUG org.apache.poi.openxml4j.opc.PackageRelationshipCollection - Parsing relationship: /xl/worksheets/_rels/sheet1.xml.rels
21:59:58.161 [main] DEBUG org.apache.poi.openxml4j.opc.PackageRelationshipCollection - Parsing relationship: /_rels/.rels
21:59:58.355 [main] DEBUG org.apache.poi.ooxml.POIXMLFactory - using default POIXMLDocumentPart for http://schemas.openxmlformats.org/officeDocument/2006/relationships/printerSettings
21:59:58.486 [main] DEBUG org.apache.poi.openxml4j.opc.PackageRelationshipCollection - Parsing relationship: /xl/_rels/workbook.xml.rels
21:59:58.488 [main] DEBUG org.apache.poi.openxml4j.opc.PackageRelationshipCollection - Parsing relationship: /xl/worksheets/_rels/sheet1.xml.rels
21:59:58.492 [main] DEBUG org.apache.poi.openxml4j.opc.PackageRelationshipCollection - Parsing relationship: /_rels/.rels
21:59:58.580 [main] DEBUG org.apache.poi.ooxml.POIXMLFactory - using default POIXMLDocumentPart for http://schemas.openxmlformats.org/officeDocument/2006/relationships/printerSettings
21:59:58.650 [main] DEBUG org.apache.poi.openxml4j.opc.PackageRelationshipCollection - Parsing relationship: /xl/_rels/workbook.xml.rels
21:59:58.653 [main] DEBUG org.apache.poi.openxml4j.opc.PackageRelationshipCollection - Parsing relationship: /xl/worksheets/_rels/sheet1.xml.rels
21:59:58.656 [main] DEBUG org.apache.poi.openxml4j.opc.PackageRelationshipCollection - Parsing relationship: /_rels/.rels
21:59:58.683 [main] DEBUG org.apache.poi.ooxml.POIXMLFactory - using default POIXMLDocumentPart for http://schemas.openxmlformats.org/officeDocument/2006/relationships/printerSettings
21:59:58.717 [main] DEBUG org.apache.poi.openxml4j.opc.PackageRelationshipCollection - Parsing relationship: /xl/_rels/workbook.xml.rels
21:59:58.719 [main] DEBUG org.apache.poi.openxml4j.opc.PackageRelationshipCollection - Parsing relationship: /xl/worksheets/_rels/sheet1.xml.rels
21:59:58.720 [main] DEBUG org.apache.poi.openxml4j.opc.PackageRelationshipCollection - Parsing relationship: /_rels/.rels
21:59:58.737 [main] DEBUG org.apache.poi.ooxml.POIXMLFactory - using default POIXMLDocumentPart for http://schemas.openxmlformats.org/officeDocument/2006/relationships/printerSettings
21:59:59.631 [main] INFO  testCases.TC_003_LoginDDT - **** Starting TC_003_LoginDDT *****
22:00:45.591 [main] INFO  testCases.TC_003_LoginDDT - **** Finished TC_003_LoginDDT *****
22:00:45.600 [main] INFO  testCases.TC_003_LoginDDT - **** Starting TC_003_LoginDDT *****
22:01:06.677 [main] INFO  testCases.TC_003_LoginDDT - **** Finished TC_003_LoginDDT *****
22:01:06.697 [main] INFO  testCases.TC_003_LoginDDT - **** Starting TC_003_LoginDDT *****
22:01:20.448 [main] INFO  testCases.TC_003_LoginDDT - **** Finished TC_003_LoginDDT *****
22:01:20.459 [main] INFO  testCases.TC_003_LoginDDT - **** Starting TC_003_LoginDDT *****
22:01:33.641 [main] INFO  testCases.TC_003_LoginDDT - **** Finished TC_003_LoginDDT *****
22:01:33.648 [main] INFO  testCases.TC_003_LoginDDT - **** Starting TC_003_LoginDDT *****
22:01:44.963 [main] INFO  testCases.TC_003_LoginDDT - **** Finished TC_003_LoginDDT *****
23:36:12.385 [main] DEBUG org.testng.TestNG - suiteXmlPath: "C:\Users\ASUS\Desktop\Javacorerevised\OpencardApplication\grouping.xml"
23:36:18.549 [main] INFO  org.testng.internal.Utils - [TestNG] Running:
  C:\Users\ASUS\Desktop\Javacorerevised\OpencardApplication\grouping.xml

23:37:56.096 [main] INFO  testCases.TC_002_LoginTest - Starting of TC_002_LoginTest ******* 
23:38:00.610 [main] INFO  testCases.TC_002_LoginTest - click on My account link on the home page
23:38:05.979 [main] INFO  testCases.TC_002_LoginTest - Click on login and move to the login page 
23:38:06.061 [main] INFO  testCases.TC_002_LoginTest - Entering the email and password to the input boxes 
